2022/12/21 12:28:02 [notice] 1#1: using the "epoll" event method
2022/12/21 12:28:02 [notice] 1#1: nginx/1.23.3
2022/12/21 12:28:02 [notice] 1#1: built by gcc 10.2.1 20210110 (Debian 10.2.1-6) 
2022/12/21 12:28:02 [notice] 1#1: OS: Linux 5.15.0-53-generic
2022/12/21 12:28:02 [notice] 1#1: getrlimit(RLIMIT_NOFILE): 1048576:1048576
2022/12/21 12:28:02 [notice] 1#1: start worker processes
2022/12/21 12:28:02 [notice] 1#1: start worker process 20
2022/12/21 12:28:02 [notice] 1#1: start worker process 21
2022/12/21 12:42:58 [notice] 1#1: signal 3 (SIGQUIT) received, shutting down
2022/12/21 12:42:58 [notice] 21#21: gracefully shutting down
2022/12/21 12:42:58 [notice] 20#20: gracefully shutting down
2022/12/21 12:42:58 [notice] 21#21: exiting
2022/12/21 12:42:58 [notice] 20#20: exiting
2022/12/21 12:42:58 [notice] 21#21: exit
2022/12/21 12:42:58 [notice] 20#20: exit
2022/12/21 12:42:58 [notice] 1#1: signal 17 (SIGCHLD) received from 21
2022/12/21 12:42:58 [notice] 1#1: worker process 21 exited with code 0
2022/12/21 12:42:58 [notice] 1#1: signal 29 (SIGIO) received
2022/12/21 12:42:58 [notice] 1#1: signal 17 (SIGCHLD) received from 20
2022/12/21 12:42:58 [notice] 1#1: worker process 20 exited with code 0
2022/12/21 12:42:58 [notice] 1#1: exit
2022/12/21 12:45:02 [notice] 1#1: using the "epoll" event method
2022/12/21 12:45:02 [notice] 1#1: nginx/1.23.3
2022/12/21 12:45:02 [notice] 1#1: built by gcc 10.2.1 20210110 (Debian 10.2.1-6) 
2022/12/21 12:45:02 [notice] 1#1: OS: Linux 5.15.0-53-generic
2022/12/21 12:45:02 [notice] 1#1: getrlimit(RLIMIT_NOFILE): 1048576:1048576
2022/12/21 12:45:02 [notice] 1#1: start worker processes
2022/12/21 12:45:02 [notice] 1#1: start worker process 20
2022/12/21 12:45:02 [notice] 1#1: start worker process 21
2022/12/21 12:46:22 [notice] 1#1: signal 3 (SIGQUIT) received, shutting down
2022/12/21 12:46:22 [notice] 21#21: gracefully shutting down
2022/12/21 12:46:22 [notice] 20#20: gracefully shutting down
2022/12/21 12:46:22 [notice] 21#21: exiting
2022/12/21 12:46:22 [notice] 20#20: exiting
2022/12/21 12:46:22 [notice] 21#21: exit
2022/12/21 12:46:22 [notice] 20#20: exit
2022/12/21 12:46:22 [notice] 1#1: signal 17 (SIGCHLD) received from 20
2022/12/21 12:46:22 [notice] 1#1: worker process 20 exited with code 0
2022/12/21 12:46:22 [notice] 1#1: worker process 21 exited with code 0
2022/12/21 12:46:22 [notice] 1#1: exit
2022/12/21 15:50:28 [notice] 1#1: using the "epoll" event method
2022/12/21 15:50:28 [notice] 1#1: nginx/1.23.3
2022/12/21 15:50:28 [notice] 1#1: built by gcc 10.2.1 20210110 (Debian 10.2.1-6) 
2022/12/21 15:50:28 [notice] 1#1: OS: Linux 5.15.0-53-generic
2022/12/21 15:50:28 [notice] 1#1: getrlimit(RLIMIT_NOFILE): 1048576:1048576
2022/12/21 15:50:28 [notice] 1#1: start worker processes
2022/12/21 15:50:28 [notice] 1#1: start worker process 20
2022/12/21 15:50:28 [notice] 1#1: start worker process 21
2022/12/21 15:50:55 [error] 21#21: *1 "/var/www/server/index.php" is not found (2: No such file or directory), client: 172.28.0.1, server: server, request: "GET / HTTP/1.1", host: "127.0.0.1"
2022/12/21 15:50:55 [error] 21#21: *1 open() "/var/www/server/favicon.ico" failed (2: No such file or directory), client: 172.28.0.1, server: server, request: "GET /favicon.ico HTTP/1.1", host: "127.0.0.1", referrer: "http://127.0.0.1/"
2022/12/21 15:52:10 [error] 20#20: *2 "/var/www/server/index.php" is not found (2: No such file or directory), client: 172.28.0.1, server: server, request: "GET / HTTP/1.1", host: "127.0.0.1"
2022/12/21 15:53:09 [notice] 1#1: signal 3 (SIGQUIT) received, shutting down
2022/12/21 15:53:09 [notice] 21#21: gracefully shutting down
2022/12/21 15:53:09 [notice] 21#21: exiting
2022/12/21 15:53:09 [notice] 21#21: exit
2022/12/21 15:53:09 [notice] 20#20: gracefully shutting down
2022/12/21 15:53:09 [notice] 20#20: exiting
2022/12/21 15:53:09 [notice] 20#20: exit
2022/12/21 15:53:09 [notice] 1#1: signal 17 (SIGCHLD) received from 20
2022/12/21 15:53:09 [notice] 1#1: worker process 20 exited with code 0
2022/12/21 15:53:09 [notice] 1#1: worker process 21 exited with code 0
2022/12/21 15:53:09 [notice] 1#1: exit
2022/12/21 15:53:16 [notice] 1#1: using the "epoll" event method
2022/12/21 15:53:16 [notice] 1#1: nginx/1.23.3
2022/12/21 15:53:16 [notice] 1#1: built by gcc 10.2.1 20210110 (Debian 10.2.1-6) 
2022/12/21 15:53:16 [notice] 1#1: OS: Linux 5.15.0-53-generic
2022/12/21 15:53:16 [notice] 1#1: getrlimit(RLIMIT_NOFILE): 1048576:1048576
2022/12/21 15:53:16 [notice] 1#1: start worker processes
2022/12/21 15:53:16 [notice] 1#1: start worker process 19
2022/12/21 15:53:16 [notice] 1#1: start worker process 20
2022/12/21 15:54:26 [error] 20#20: *1 "/var/www/server/index.php" is not found (2: No such file or directory), client: 172.29.0.1, server: server, request: "GET / HTTP/1.1", host: "127.0.0.1"
2022/12/21 15:55:21 [error] 20#20: *1 "/var/www/server/index.php" is not found (2: No such file or directory), client: 172.29.0.1, server: server, request: "GET / HTTP/1.1", host: "127.0.0.1"
2022/12/21 15:55:21 [error] 20#20: *1 "/var/www/server/index.php" is not found (2: No such file or directory), client: 172.29.0.1, server: server, request: "GET / HTTP/1.1", host: "127.0.0.1"
2022/12/21 15:55:21 [error] 20#20: *1 "/var/www/server/index.php" is not found (2: No such file or directory), client: 172.29.0.1, server: server, request: "GET / HTTP/1.1", host: "127.0.0.1"
2022/12/21 15:55:22 [error] 20#20: *1 "/var/www/server/index.php" is not found (2: No such file or directory), client: 172.29.0.1, server: server, request: "GET / HTTP/1.1", host: "127.0.0.1"
2022/12/21 15:55:22 [error] 20#20: *1 "/var/www/server/index.php" is not found (2: No such file or directory), client: 172.29.0.1, server: server, request: "GET / HTTP/1.1", host: "127.0.0.1"
2022/12/21 15:55:22 [error] 20#20: *1 "/var/www/server/index.php" is not found (2: No such file or directory), client: 172.29.0.1, server: server, request: "GET / HTTP/1.1", host: "127.0.0.1"
2022/12/21 15:55:59 [notice] 1#1: signal 3 (SIGQUIT) received, shutting down
2022/12/21 15:55:59 [notice] 19#19: gracefully shutting down
2022/12/21 15:55:59 [notice] 19#19: exiting
2022/12/21 15:55:59 [notice] 19#19: exit
2022/12/21 15:55:59 [notice] 20#20: gracefully shutting down
2022/12/21 15:55:59 [notice] 20#20: exiting
2022/12/21 15:55:59 [notice] 20#20: exit
2022/12/21 15:55:59 [notice] 1#1: signal 17 (SIGCHLD) received from 20
2022/12/21 15:55:59 [notice] 1#1: worker process 19 exited with code 0
2022/12/21 15:55:59 [notice] 1#1: worker process 20 exited with code 0
2022/12/21 15:55:59 [notice] 1#1: exit
2022/12/21 15:56:06 [notice] 1#1: using the "epoll" event method
2022/12/21 15:56:06 [notice] 1#1: nginx/1.23.3
2022/12/21 15:56:06 [notice] 1#1: built by gcc 10.2.1 20210110 (Debian 10.2.1-6) 
2022/12/21 15:56:06 [notice] 1#1: OS: Linux 5.15.0-53-generic
2022/12/21 15:56:06 [notice] 1#1: getrlimit(RLIMIT_NOFILE): 1048576:1048576
2022/12/21 15:56:06 [notice] 1#1: start worker processes
2022/12/21 15:56:06 [notice] 1#1: start worker process 19
2022/12/21 15:56:06 [notice] 1#1: start worker process 20
2022/12/21 15:56:20 [error] 20#20: *1 "/var/www/server/index.php" is not found (2: No such file or directory), client: 172.30.0.1, server: server, request: "GET / HTTP/1.1", host: "127.0.0.1"
2022/12/21 15:57:33 [notice] 1#1: signal 3 (SIGQUIT) received, shutting down
2022/12/21 15:57:33 [notice] 19#19: gracefully shutting down
2022/12/21 15:57:33 [notice] 19#19: exiting
2022/12/21 15:57:33 [notice] 19#19: exit
2022/12/21 15:57:33 [notice] 20#20: gracefully shutting down
2022/12/21 15:57:33 [notice] 20#20: exiting
2022/12/21 15:57:33 [notice] 20#20: exit
2022/12/21 15:57:34 [notice] 1#1: signal 17 (SIGCHLD) received from 19
2022/12/21 15:57:34 [notice] 1#1: worker process 19 exited with code 0
2022/12/21 15:57:34 [notice] 1#1: worker process 20 exited with code 0
2022/12/21 15:57:34 [notice] 1#1: exit
2022/12/21 15:57:45 [notice] 1#1: using the "epoll" event method
2022/12/21 15:57:45 [notice] 1#1: nginx/1.23.3
2022/12/21 15:57:45 [notice] 1#1: built by gcc 10.2.1 20210110 (Debian 10.2.1-6) 
2022/12/21 15:57:45 [notice] 1#1: OS: Linux 5.15.0-53-generic
2022/12/21 15:57:45 [notice] 1#1: getrlimit(RLIMIT_NOFILE): 1048576:1048576
2022/12/21 15:57:45 [notice] 1#1: start worker processes
2022/12/21 15:57:45 [notice] 1#1: start worker process 20
2022/12/21 15:57:45 [notice] 1#1: start worker process 21
2022/12/21 18:55:45 [notice] 1#1: using the "epoll" event method
2022/12/21 18:55:45 [notice] 1#1: nginx/1.23.3
2022/12/21 18:55:45 [notice] 1#1: built by gcc 10.2.1 20210110 (Debian 10.2.1-6) 
2022/12/21 18:55:45 [notice] 1#1: OS: Linux 5.15.0-53-generic
2022/12/21 18:55:45 [notice] 1#1: getrlimit(RLIMIT_NOFILE): 1048576:1048576
2022/12/21 18:55:45 [notice] 1#1: start worker processes
2022/12/21 18:55:45 [notice] 1#1: start worker process 19
2022/12/21 18:55:45 [notice] 1#1: start worker process 20
2022/12/22 18:45:21 [emerg] 1#1: "worker_processes" directive is not allowed here in /etc/nginx/conf.d/server.conf:1
2022/12/22 18:45:55 [emerg] 1#1: "worker_processes" directive is not allowed here in /etc/nginx/conf.d/server.conf:1
2022/12/22 18:48:42 [emerg] 1#1: "worker_processes" directive is not allowed here in /etc/nginx/conf.d/server.conf:1
2022/12/22 18:49:22 [emerg] 1#1: "worker_processes" directive is not allowed here in /etc/nginx/conf.d/server.conf:1
2022/12/22 18:51:06 [emerg] 1#1: "worker_processes" directive is not allowed here in /etc/nginx/conf.d/server.conf:1
2022/12/22 18:56:57 [emerg] 1#1: "worker_processes" directive is not allowed here in /etc/nginx/conf.d/server.conf:1
2022/12/22 19:01:48 [emerg] 1#1: "worker_processes" directive is not allowed here in /etc/nginx/conf.d/server.conf:1
2022/12/22 19:05:03 [emerg] 1#1: "worker_processes" directive is not allowed here in /etc/nginx/conf.d/server.conf:1
2022/12/22 19:14:23 [emerg] 1#1: "worker_processes" directive is not allowed here in /etc/nginx/conf.d/server.conf:1
2022/12/22 19:22:37 [emerg] 1#1: "worker_processes" directive is not allowed here in /etc/nginx/conf.d/server.conf:1
2022/12/22 19:24:08 [emerg] 1#1: "worker_processes" directive is not allowed here in /etc/nginx/conf.d/server.conf:1
2022/12/22 19:27:09 [emerg] 1#1: "worker_processes" directive is not allowed here in /etc/nginx/conf.d/server.conf:1
2022/12/22 19:28:14 [emerg] 1#1: "worker_processes" directive is not allowed here in /etc/nginx/conf.d/server.conf:1
2022/12/22 19:29:43 [emerg] 1#1: "worker_processes" directive is not allowed here in /etc/nginx/conf.d/server.conf:1
2022/12/22 19:43:26 [emerg] 1#1: "worker_processes" directive is not allowed here in /etc/nginx/conf.d/server.conf:1
2022/12/22 19:43:32 [emerg] 1#1: "worker_processes" directive is not allowed here in /etc/nginx/conf.d/server.conf:1
2022/12/22 19:44:14 [emerg] 1#1: "worker_processes" directive is not allowed here in /etc/nginx/conf.d/server.conf:1
2022/12/22 19:45:20 [emerg] 1#1: "worker_processes" directive is not allowed here in /etc/nginx/conf.d/server.conf:1
2022/12/22 19:46:03 [emerg] 1#1: "worker_processes" directive is not allowed here in /etc/nginx/conf.d/server.conf:1
2022/12/22 19:53:06 [emerg] 1#1: "worker_processes" directive is not allowed here in /etc/nginx/conf.d/server.conf:1
2022/12/22 19:56:47 [emerg] 1#1: "worker_processes" directive is not allowed here in /etc/nginx/conf.d/server.conf:1
2022/12/22 19:58:34 [emerg] 1#1: "worker_processes" directive is not allowed here in /etc/nginx/conf.d/server.conf:1
2022/12/22 20:03:27 [emerg] 1#1: "worker_processes" directive is not allowed here in /etc/nginx/conf.d/default.conf:1
2022/12/22 20:10:37 [emerg] 1#1: "worker_processes" directive is not allowed here in /etc/nginx/conf.d/default.conf:1
2022/12/22 20:12:12 [emerg] 1#1: "worker_processes" directive is not allowed here in /etc/nginx/conf.d/default.conf:1
2022/12/22 20:15:55 [emerg] 1#1: "worker_processes" directive is not allowed here in /etc/nginx/conf.d/default.conf:1
2022/12/22 20:17:24 [emerg] 1#1: "worker_processes" directive is not allowed here in /etc/nginx/conf.d/default.conf:1
2022/12/22 20:18:58 [emerg] 1#1: "worker_processes" directive is not allowed here in /etc/nginx/conf.d/default.conf:1
2022/12/22 20:22:26 [emerg] 1#1: "worker_processes" directive is not allowed here in /etc/nginx/conf.d/default.conf:1
2022/12/22 20:26:35 [emerg] 1#1: "worker_processes" directive is not allowed here in /etc/nginx/conf.d/default.conf:1
2022/12/22 20:28:24 [emerg] 1#1: "worker_processes" directive is not allowed here in /etc/nginx/conf.d/default.conf:1
2022/12/22 20:32:16 [emerg] 1#1: "worker_processes" directive is not allowed here in /etc/nginx/conf.d/default.conf:1
2022/12/22 20:37:56 [emerg] 1#1: "worker_processes" directive is not allowed here in /etc/nginx/conf.d/default.conf:1
2022/12/22 20:42:04 [emerg] 1#1: "worker_processes" directive is not allowed here in /etc/nginx/conf.d/default.conf:1
2022/12/22 20:45:37 [emerg] 1#1: "worker_processes" directive is not allowed here in /etc/nginx/conf.d/server.conf:1
2022/12/22 20:46:59 [notice] 1#1: using the "epoll" event method
2022/12/22 20:46:59 [notice] 1#1: nginx/1.21.6
2022/12/22 20:46:59 [notice] 1#1: built by gcc 10.3.1 20211027 (Alpine 10.3.1_git20211027) 
2022/12/22 20:46:59 [notice] 1#1: OS: Linux 5.15.0-53-generic
2022/12/22 20:46:59 [notice] 1#1: getrlimit(RLIMIT_NOFILE): 1048576:1048576
2022/12/22 20:46:59 [notice] 1#1: start worker processes
2022/12/22 20:46:59 [notice] 1#1: start worker process 22
2022/12/22 20:46:59 [notice] 1#1: start worker process 23
2022/12/22 20:54:04 [notice] 1#1: signal 3 (SIGQUIT) received, shutting down
2022/12/22 20:54:04 [notice] 23#23: gracefully shutting down
2022/12/22 20:54:04 [notice] 22#22: gracefully shutting down
2022/12/22 20:54:04 [notice] 23#23: exiting
2022/12/22 20:54:04 [notice] 22#22: exiting
2022/12/22 20:54:04 [notice] 23#23: exit
2022/12/22 20:54:04 [notice] 22#22: exit
2022/12/22 20:54:04 [notice] 1#1: signal 17 (SIGCHLD) received from 22
2022/12/22 20:54:04 [notice] 1#1: worker process 22 exited with code 0
2022/12/22 20:54:04 [notice] 1#1: signal 29 (SIGIO) received
2022/12/22 20:54:04 [notice] 1#1: signal 17 (SIGCHLD) received from 23
2022/12/22 20:54:04 [notice] 1#1: worker process 23 exited with code 0
2022/12/22 20:54:04 [notice] 1#1: exit
2022/12/22 20:54:05 [notice] 1#1: using the "epoll" event method
2022/12/22 20:54:05 [notice] 1#1: nginx/1.23.3
2022/12/22 20:54:05 [notice] 1#1: built by gcc 10.2.1 20210110 (Debian 10.2.1-6) 
2022/12/22 20:54:05 [notice] 1#1: OS: Linux 5.15.0-53-generic
2022/12/22 20:54:05 [notice] 1#1: getrlimit(RLIMIT_NOFILE): 1048576:1048576
2022/12/22 20:54:05 [notice] 1#1: start worker processes
2022/12/22 20:54:05 [notice] 1#1: start worker process 20
2022/12/22 20:54:05 [notice] 1#1: start worker process 21
2022/12/22 20:54:50 [notice] 1#1: signal 3 (SIGQUIT) received, shutting down
2022/12/22 20:54:50 [notice] 20#20: gracefully shutting down
2022/12/22 20:54:50 [notice] 20#20: exiting
2022/12/22 20:54:50 [notice] 20#20: exit
2022/12/22 20:54:50 [notice] 21#21: gracefully shutting down
2022/12/22 20:54:50 [notice] 21#21: exiting
2022/12/22 20:54:50 [notice] 21#21: exit
2022/12/22 20:54:50 [notice] 1#1: signal 17 (SIGCHLD) received from 20
2022/12/22 20:54:50 [notice] 1#1: worker process 20 exited with code 0
2022/12/22 20:54:50 [notice] 1#1: signal 29 (SIGIO) received
2022/12/22 20:54:50 [notice] 1#1: signal 17 (SIGCHLD) received from 21
2022/12/22 20:54:50 [notice] 1#1: worker process 21 exited with code 0
2022/12/22 20:54:50 [notice] 1#1: exit
2022/12/22 20:54:51 [notice] 1#1: using the "epoll" event method
2022/12/22 20:54:51 [notice] 1#1: nginx/1.21.6
2022/12/22 20:54:51 [notice] 1#1: built by gcc 10.3.1 20211027 (Alpine 10.3.1_git20211027) 
2022/12/22 20:54:51 [notice] 1#1: OS: Linux 5.15.0-53-generic
2022/12/22 20:54:51 [notice] 1#1: getrlimit(RLIMIT_NOFILE): 1048576:1048576
2022/12/22 20:54:51 [notice] 1#1: start worker processes
2022/12/22 20:54:51 [notice] 1#1: start worker process 23
2022/12/22 20:54:51 [notice] 1#1: start worker process 24
2022/12/23 05:32:45 [emerg] 1#1: "worker_processes" directive is not allowed here in /etc/nginx/conf.d/nginx.conf:1
2022/12/23 05:33:05 [emerg] 1#1: "worker_processes" directive is not allowed here in /etc/nginx/conf.d/nginx.conf:1
2022/12/23 06:36:26 [error] 22#22: *3 connect() failed (113: No route to host) while connecting to upstream, client: 172.18.0.1, server: localhost, request: "GET / HTTP/1.1", upstream: "http://172.18.0.6:80/", host: "127.0.0.1"
2022/12/23 07:10:41 [error] 29#29: *2 open() "/var/www/html/favicon.ico" failed (2: No such file or directory), client: 172.18.0.1, server: localhost, request: "GET /favicon.ico HTTP/1.1", host: "127.0.0.1", referrer: "http://127.0.0.1/"
2023/01/11 11:03:57 [error] 29#29: *1 open() "/var/www/html/favicon.ico" failed (2: No such file or directory), client: 192.168.176.1, server: localhost, request: "GET /favicon.ico HTTP/1.1", host: "127.0.0.1:82", referrer: "http://127.0.0.1:82/"
2023/01/11 11:50:25 [error] 29#29: *2 open() "/var/www/html/favicon.ico" failed (2: No such file or directory), client: 192.168.192.1, server: localhost, request: "GET /favicon.ico HTTP/1.1", host: "127.0.0.1:96", referrer: "http://127.0.0.1:96/"
2023/01/11 14:09:17 [error] 29#29: *1 open() "/var/www/html/favicon.ico" failed (2: No such file or directory), client: 192.168.192.1, server: localhost, request: "GET /favicon.ico HTTP/1.1", host: "127.0.0.1:96", referrer: "http://127.0.0.1:96/"
2023/01/11 14:12:48 [emerg] 1#1: cannot load certificate "/etc/nginx/ssl/live/example.org/fullchain.pem": BIO_new_file() failed (SSL: error:02001002:system library:fopen:No such file or directory:fopen('/etc/nginx/ssl/live/example.org/fullchain.pem','r') error:2006D080:BIO routines:BIO_new_file:no such file)
2023/01/11 14:16:57 [emerg] 1#1: cannot load certificate "/etc/nginx/ssl/live/example.org/fullchain.pem": BIO_new_file() failed (SSL: error:02001002:system library:fopen:No such file or directory:fopen('/etc/nginx/ssl/live/example.org/fullchain.pem','r') error:2006D080:BIO routines:BIO_new_file:no such file)
2023/01/11 18:19:19 [emerg] 1#1: "server" directive is not allowed here in /etc/nginx/nginx.conf:41
2023/01/11 18:19:57 [emerg] 1#1: "server" directive is not allowed here in /etc/nginx/nginx.conf:41
2023/01/11 18:21:58 [emerg] 1#1: "server" directive is not allowed here in /etc/nginx/nginx.conf:41
2023/01/11 18:24:13 [emerg] 1#1: "server" directive is not allowed here in /etc/nginx/nginx.conf:41
2023/01/11 18:24:48 [emerg] 1#1: "server" directive is not allowed here in /etc/nginx/nginx.conf:41
2023/01/11 18:25:50 [emerg] 1#1: host not found in upstream "apache" in /etc/nginx/nginx.conf:31
2023/01/11 18:26:56 [emerg] 1#1: host not found in upstream "apache" in /etc/nginx/nginx.conf:31
2023/01/11 18:28:51 [emerg] 1#1: host not found in upstream "apache" in /etc/nginx/nginx.conf:31
2023/01/11 18:38:04 [emerg] 1#1: "server" directive is not allowed here in /etc/nginx/nginx.conf:41
2023/01/12 06:37:19 [error] 28#28: *8 open() "/var/www/html/favicon.ico" failed (2: No such file or directory), client: 172.24.0.1, server: localhost, request: "GET /favicon.ico HTTP/1.1", host: "127.0.0.1:88", referrer: "http://127.0.0.1:88/"
2023/01/12 06:38:44 [emerg] 1#1: host not found in upstream "apache" in /etc/nginx/nginx.conf:42
2023/01/12 06:39:21 [emerg] 1#1: host not found in upstream "apache" in /etc/nginx/nginx.conf:42
2023/01/12 07:53:10 [error] 29#29: *5 open() "/var/www/html/favicon.ico" failed (2: No such file or directory), client: 172.25.0.1, server: localhost, request: "GET /favicon.ico HTTP/1.1", host: "127.0.0.1:88", referrer: "http://127.0.0.1:88/"
2023/01/12 08:21:24 [emerg] 1#1: cannot load certificate "/etc/ssl/certs/localhost.crt": BIO_new_file() failed (SSL: error:02001002:system library:fopen:No such file or directory:fopen('/etc/ssl/certs/localhost.crt','r') error:2006D080:BIO routines:BIO_new_file:no such file)
2023/01/12 08:38:09 [emerg] 1#1: invalid number of arguments in "ssl_certificate" directive in /etc/nginx/nginx.conf:58
2023/01/12 08:39:03 [emerg] 1#1: invalid number of arguments in "ssl_certificate" directive in /etc/nginx/nginx.conf:58
2023/01/12 09:06:49 [emerg] 1#1: cannot load certificate "/root/.local/share/mkcert/rootCA.pem": BIO_new_file() failed (SSL: error:02001002:system library:fopen:No such file or directory:fopen('/root/.local/share/mkcert/rootCA.pem','r') error:2006D080:BIO routines:BIO_new_file:no such file)
2023/01/12 09:07:15 [emerg] 1#1: cannot load certificate "/etc/ssl/certs/localhost.crt": BIO_new_file() failed (SSL: error:02001002:system library:fopen:No such file or directory:fopen('/etc/ssl/certs/localhost.crt','r') error:2006D080:BIO routines:BIO_new_file:no such file)
2023/01/12 09:07:40 [emerg] 1#1: cannot load certificate "/etc/ssl/certs/localhost.crt": BIO_new_file() failed (SSL: error:02001002:system library:fopen:No such file or directory:fopen('/etc/ssl/certs/localhost.crt','r') error:2006D080:BIO routines:BIO_new_file:no such file)
2023/01/12 09:48:33 [emerg] 1#1: cannot load certificate "/etc/ssl/certs/localhost.crt": BIO_new_file() failed (SSL: error:02001002:system library:fopen:No such file or directory:fopen('/etc/ssl/certs/localhost.crt','r') error:2006D080:BIO routines:BIO_new_file:no such file)
2023/01/12 09:49:23 [emerg] 1#1: cannot load certificate "/etc/ssl/certs/localhost.crt": BIO_new_file() failed (SSL: error:02001002:system library:fopen:No such file or directory:fopen('/etc/ssl/certs/localhost.crt','r') error:2006D080:BIO routines:BIO_new_file:no such file)
2023/01/12 09:51:30 [emerg] 1#1: cannot load certificate "/etc/ssl/certs/localhost.crt": BIO_new_file() failed (SSL: error:02001002:system library:fopen:No such file or directory:fopen('/etc/ssl/certs/localhost.crt','r') error:2006D080:BIO routines:BIO_new_file:no such file)
2023/01/12 09:53:09 [emerg] 1#1: cannot load certificate "/etc/ssl/certs/localhost.crt": BIO_new_file() failed (SSL: error:02001002:system library:fopen:No such file or directory:fopen('/etc/ssl/certs/localhost.crt','r') error:2006D080:BIO routines:BIO_new_file:no such file)
2023/01/12 12:49:12 [emerg] 1#1: cannot load certificate "/etc/ssl/certs/localhost.crt": BIO_new_file() failed (SSL: error:02001002:system library:fopen:No such file or directory:fopen('/etc/ssl/certs/localhost.crt','r') error:2006D080:BIO routines:BIO_new_file:no such file)
2023/01/12 12:49:40 [emerg] 1#1: cannot load certificate "/etc/ssl/certs/localhost.crt": BIO_new_file() failed (SSL: error:02001002:system library:fopen:No such file or directory:fopen('/etc/ssl/certs/localhost.crt','r') error:2006D080:BIO routines:BIO_new_file:no such file)
2023/01/12 12:50:15 [emerg] 1#1: cannot load certificate "/etc/ssl/certs/localhost.crt": BIO_new_file() failed (SSL: error:02001002:system library:fopen:No such file or directory:fopen('/etc/ssl/certs/localhost.crt','r') error:2006D080:BIO routines:BIO_new_file:no such file)
2023/01/12 12:50:40 [emerg] 1#1: cannot load certificate "/etc/ssl/certs/localhost.crt": BIO_new_file() failed (SSL: error:02001002:system library:fopen:No such file or directory:fopen('/etc/ssl/certs/localhost.crt','r') error:2006D080:BIO routines:BIO_new_file:no such file)
2023/01/12 12:53:22 [emerg] 1#1: cannot load certificate "/etc/ssl/certs/localhost.crt": BIO_new_file() failed (SSL: error:02001002:system library:fopen:No such file or directory:fopen('/etc/ssl/certs/localhost.crt','r') error:2006D080:BIO routines:BIO_new_file:no such file)
2023/01/12 12:53:31 [emerg] 1#1: cannot load certificate "/etc/ssl/certs/localhost.crt": BIO_new_file() failed (SSL: error:02001002:system library:fopen:No such file or directory:fopen('/etc/ssl/certs/localhost.crt','r') error:2006D080:BIO routines:BIO_new_file:no such file)
2023/01/12 13:09:25 [emerg] 1#1: mkdir() "/var/cache/nginx/client_temp" failed (2: No such file or directory)
2023/01/12 13:10:10 [emerg] 1#1: mkdir() "/var/cache/nginx/client_temp" failed (2: No such file or directory)
2023/01/12 13:11:12 [emerg] 1#1: mkdir() "/var/cache/nginx/client_temp" failed (2: No such file or directory)
2023/01/12 13:13:38 [emerg] 1#1: mkdir() "/var/cache/nginx/client_temp" failed (2: No such file or directory)
